<?xml version="1.0" encoding="UTF-8"?>
<!-- Generated by org.testng.reporters.JUnitReportReporter -->
<testsuite skipped="0" hostname="BLRW3022661" name="appscriptBagTest.AddOrRemoveBag_BagLimitValidation" tests="12" failures="0" timestamp="22 Jan 2018 12:59:52 GMT" time="507.257" errors="0">
  <testcase name="LogintoBag" time="19.976" classname="appscriptBagTest.AddOrRemoveBag_BagLimitValidation"/>
  <testcase name="AddAppsToBag" time="22.709" classname="appscriptBagTest.AddOrRemoveBag_BagLimitValidation"/>
  <testcase name="RemoveAppsfromBag" time="27.820" classname="appscriptBagTest.AddOrRemoveBag_BagLimitValidation"/>
  <testcase name="AddDevicestoBag" time="21.652" classname="appscriptBagTest.AddOrRemoveBag_BagLimitValidation"/>
  <testcase name="RemoveDevicesFromBag" time="26.478" classname="appscriptBagTest.AddOrRemoveBag_BagLimitValidation"/>
  <testcase name="AddContentstoBag" time="22.433" classname="appscriptBagTest.AddOrRemoveBag_BagLimitValidation"/>
  <testcase name="RemoveContentfromBag" time="27.061" classname="appscriptBagTest.AddOrRemoveBag_BagLimitValidation"/>
  <testcase name="RemoveButtonBagApps" time="42.943" classname="appscriptBagTest.AddOrRemoveBag_BagLimitValidation"/>
  <testcase name="RemoveButtonBagDevices" time="42.893" classname="appscriptBagTest.AddOrRemoveBag_BagLimitValidation"/>
  <testcase name="RemoveButtonBagContent" time="43.702" classname="appscriptBagTest.AddOrRemoveBag_BagLimitValidation"/>
  <testcase name="VerifyBagLimitValidationMessage" time="183.321" classname="appscriptBagTest.AddOrRemoveBag_BagLimitValidation"/>
  <testcase name="VerifyLogout" time="26.269" classname="appscriptBagTest.AddOrRemoveBag_BagLimitValidation"/>
</testsuite> <!-- appscriptBagTest.AddOrRemoveBag_BagLimitValidation -->
