<?xml version="1.0" encoding="UTF-8"?>
<!-- Generated by org.testng.reporters.JUnitReportReporter -->
<testsuite skipped="0" hostname="BLRW3022661" name="FooterTestNavigation.AddToFavoriteTest" tests="2" failures="0" timestamp="07 Feb 2018 06:11:29 GMT" time="125.172" errors="0">
  <testcase name="verifyLogin" time="11.793" classname="FooterTestNavigation.AddToFavoriteTest"/>
  <testcase name="validateAddOrRemoveFav" time="113.379" classname="FooterTestNavigation.AddToFavoriteTest"/>
</testsuite> <!-- FooterTestNavigation.AddToFavoriteTest -->
