<?xml version="1.0" encoding="UTF-8"?>
<!-- Generated by org.testng.reporters.JUnitReportReporter -->
<testsuite skipped="0" hostname="BLRW3022661" name="FooterTestNavigation.Footertest" tests="1" failures="0" timestamp="29 Jan 2018 05:31:51 GMT" time="7.505" errors="0">
  <testcase name="verifyFooterLinks_TOS_BeforeLogin" time="7.505" classname="FooterTestNavigation.Footertest"/>
</testsuite> <!-- FooterTestNavigation.Footertest -->
