<?xml version="1.0" encoding="UTF-8"?>
<!-- Generated by org.testng.reporters.JUnitReportReporter -->
<testsuite skipped="0" hostname="BLRW3022661" name="FooterTestNavigation.AppIconTest" tests="4" failures="0" timestamp="07 Feb 2018 07:05:14 GMT" time="46.633" errors="0">
  <testcase name="verifyLogin" time="27.296" classname="FooterTestNavigation.AppIconTest"/>
  <testcase name="filterByWebAppsImages" time="7.642" classname="FooterTestNavigation.AppIconTest"/>
  <testcase name="filterByAppleImages" time="5.651" classname="FooterTestNavigation.AppIconTest"/>
  <testcase name="filterByAndroidImages" time="6.044" classname="FooterTestNavigation.AppIconTest"/>
</testsuite> <!-- FooterTestNavigation.AppIconTest -->
